<?xml version="1.0" encoding="UTF-8"?>
<!-- Generated by org.testng.reporters.JUnitXMLReporter -->
<testsuite ignored="2" hostname="LAPTOP-APP06KDG" failures="0" tests="1" name="Test" time="6.873" errors="0" timestamp="2023-07-14T08:29:41 EDT">
  <testcase classname="com.rini.PracticeJenkins.PracticeInterviewJuly" name="testwindowhandle" time="3.878"/>
  <testcase classname="com.rini.PracticeJenkins.PracticeInterviewJuly" name="testframe" time="0.0">
    <ignored/>
  </testcase> <!-- testframe -->
  <testcase classname="com.rini.PracticeJenkins.PracticeInterviewJuly" name="validateLoginWithCorrectDetails" time="0.0">
    <ignored/>
  </testcase> <!-- validateLoginWithCorrectDetails -->
</testsuite> <!-- Test -->
