<?xml version="1.0" encoding="UTF-8"?>
<testng-results ignored="0" total="1" passed="1" failed="0" skipped="0">
  <reporter-output>
  </reporter-output>
  <suite started-at="2023-07-14T08:29:34 EDT" name="Suite" finished-at="2023-07-14T08:29:41 EDT" duration-ms="6873">
    <groups>
    </groups>
    <test started-at="2023-07-14T08:29:34 EDT" name="Test" finished-at="2023-07-14T08:29:41 EDT" duration-ms="6873">
      <class name="com.rini.PracticeJenkins.PracticeInterviewJuly">
        <test-method is-config="true" signature="setup()[pri:0, instance:com.rini.PracticeJenkins.PracticeInterviewJuly@6e9175d8]" started-at="2023-07-14T08:29:34 EDT" name="setup" finished-at="2023-07-14T08:29:37 EDT" duration-ms="2945" status="PASS">
          <reporter-output>
          </reporter-output>
        </test-method> <!-- setup -->
        <test-method signature="testwindowhandle()[pri:0, instance:com.rini.PracticeJenkins.PracticeInterviewJuly@6e9175d8]" started-at="2023-07-14T08:29:37 EDT" name="testwindowhandle" finished-at="2023-07-14T08:29:41 EDT" duration-ms="3878" status="PASS">
          <reporter-output>
          </reporter-output>
        </test-method> <!-- testwindowhandle -->
        <test-method is-config="true" signature="tearDown()[pri:0, instance:com.rini.PracticeJenkins.PracticeInterviewJuly@6e9175d8]" started-at="2023-07-14T08:29:41 EDT" name="tearDown" finished-at="2023-07-14T08:29:41 EDT" duration-ms="1" status="PASS">
          <reporter-output>
          </reporter-output>
        </test-method> <!-- tearDown -->
      </class> <!-- com.rini.PracticeJenkins.PracticeInterviewJuly -->
    </test> <!-- Test -->
  </suite> <!-- Suite -->
</testng-results>
